1649180973641	geckodriver	INFO	Listening on 127.0.0.1:56259
1649181031205	geckodriver	INFO	Listening on 127.0.0.1:56356
1649181034296	mozrunner::runner	INFO	Running command: "C:\\Program Files\\Mozilla Firefox\\firefox.exe" "--marionette" "--remote-debugging-port" "56357" "-no-remote" "-profile" "C:\\Users\\saied\\AppData\\Local\\Temp\\rust_mozprofileBhiWmI"
1649181035200	Marionette	INFO	Marionette enabled
console.warn: SearchSettings: "get: No settings file exists, new profile?" (new NotFoundError("Could not open the file at C:\\Users\\saied\\AppData\\Local\\Temp\\rust_mozprofileBhiWmI\\search.json.mozlz4", (void 0)))
DevTools listening on ws://localhost:56357/devtools/browser/857ac005-dfd5-4797-a08e-dd5fef8701d0
1649181037744	Marionette	INFO	Listening on port 56371
1649181037995	RemoteAgent	WARN	TLS certificate errors will be ignored for this session
1649181050156	Marionette	WARN	Ignoring event 'pageshow' because document has an invalid readyState of 'interactive'.
1649181087412	Marionette	WARN	Ignoring event 'pageshow' because document has an invalid readyState of 'interactive'.
1649181102647	Marionette	INFO	Stopped listening on port 56371
console.warn: TopSitesFeed: Failed to fetch data from Contile server: NetworkError when attempting to fetch resource.
JavaScript error: chrome://remote/content/marionette/cert.js, line 55: NS_ERROR_NOT_AVAILABLE: Component returned failure code: 0x80040111 (NS_ERROR_NOT_AVAILABLE) [nsICertOverrideService.setDisableAllSecurityChecksAndLetAttackersInterceptMyData]
1649181117551	geckodriver	INFO	Listening on 127.0.0.1:56504
1649181120621	mozrunner::runner	INFO	Running command: "C:\\Program Files\\Mozilla Firefox\\firefox.exe" "--marionette" "--remote-debugging-port" "56505" "-no-remote" "-profile" "C:\\Users\\saied\\AppData\\Local\\Temp\\rust_mozprofileiGcWU6"
1649181121088	Marionette	INFO	Marionette enabled
console.warn: SearchSettings: "get: No settings file exists, new profile?" (new NotFoundError("Could not open the file at C:\\Users\\saied\\AppData\\Local\\Temp\\rust_mozprofileiGcWU6\\search.json.mozlz4", (void 0)))
DevTools listening on ws://localhost:56505/devtools/browser/3d659e14-df89-47f2-aa0f-45bdf3767616
1649181123091	Marionette	INFO	Listening on port 56512
1649181123289	RemoteAgent	WARN	TLS certificate errors will be ignored for this session
console.warn: LoginRecipes: "getRecipes: falling back to a synchronous message for:" "http://127.0.0.1:5000"
1649181134763	Marionette	INFO	Stopped listening on port 56512
console.warn: TopSitesFeed: Failed to fetch data from Contile server: NetworkError when attempting to fetch resource.
JavaScript error: chrome://remote/content/marionette/cert.js, line 55: NS_ERROR_NOT_AVAILABLE: Component returned failure code: 0x80040111 (NS_ERROR_NOT_AVAILABLE) [nsICertOverrideService.setDisableAllSecurityChecksAndLetAttackersInterceptMyData]
1649181286177	geckodriver	INFO	Listening on 127.0.0.1:56658
1649181289243	mozrunner::runner	INFO	Running command: "C:\\Program Files\\Mozilla Firefox\\firefox.exe" "--marionette" "--remote-debugging-port" "56659" "-no-remote" "-profile" "C:\\Users\\saied\\AppData\\Local\\Temp\\rust_mozprofilemYu4pZ"
1649181289576	Marionette	INFO	Marionette enabled
console.warn: SearchSettings: "get: No settings file exists, new profile?" (new NotFoundError("Could not open the file at C:\\Users\\saied\\AppData\\Local\\Temp\\rust_mozprofilemYu4pZ\\search.json.mozlz4", (void 0)))
DevTools listening on ws://localhost:56659/devtools/browser/a9da6a87-3f2c-4edd-820c-0df007208911
1649181291488	Marionette	INFO	Listening on port 56671
1649181291928	RemoteAgent	WARN	TLS certificate errors will be ignored for this session
console.warn: LoginRecipes: "getRecipes: falling back to a synchronous message for:" "http://127.0.0.1:5000"
1649181295741	Marionette	INFO	Stopped listening on port 56671
console.warn: TopSitesFeed: Failed to fetch data from Contile server: NetworkError when attempting to fetch resource.
JavaScript error: chrome://remote/content/marionette/cert.js, line 55: NS_ERROR_NOT_AVAILABLE: Component returned failure code: 0x80040111 (NS_ERROR_NOT_AVAILABLE) [nsICertOverrideService.setDisableAllSecurityChecksAndLetAttackersInterceptMyData]
1649181336308	geckodriver	INFO	Listening on 127.0.0.1:56743
1649181339376	mozrunner::runner	INFO	Running command: "C:\\Program Files\\Mozilla Firefox\\firefox.exe" "--marionette" "--remote-debugging-port" "56744" "-no-remote" "-profile" "C:\\Users\\saied\\AppData\\Local\\Temp\\rust_mozprofilecC5uTo"
1649181339698	Marionette	INFO	Marionette enabled
console.warn: SearchSettings: "get: No settings file exists, new profile?" (new NotFoundError("Could not open the file at C:\\Users\\saied\\AppData\\Local\\Temp\\rust_mozprofilecC5uTo\\search.json.mozlz4", (void 0)))
DevTools listening on ws://localhost:56744/devtools/browser/f0754e3e-ea92-4a24-a3de-033b2c047caf
1649181341742	Marionette	INFO	Listening on port 56750
1649181342042	RemoteAgent	WARN	TLS certificate errors will be ignored for this session
console.warn: LoginRecipes: "getRecipes: falling back to a synchronous message for:" "http://127.0.0.1:5000"
1649181354575	Marionette	INFO	Stopped listening on port 56750
console.warn: TopSitesFeed: Failed to fetch data from Contile server: NetworkError when attempting to fetch resource.
JavaScript error: chrome://remote/content/marionette/cert.js, line 55: NS_ERROR_NOT_AVAILABLE: Component returned failure code: 0x80040111 (NS_ERROR_NOT_AVAILABLE) [nsICertOverrideService.setDisableAllSecurityChecksAndLetAttackersInterceptMyData]
1649181369009	geckodriver	INFO	Listening on 127.0.0.1:56814
1649181372061	mozrunner::runner	INFO	Running command: "C:\\Program Files\\Mozilla Firefox\\firefox.exe" "--marionette" "--remote-debugging-port" "56815" "-no-remote" "-profile" "C:\\Users\\saied\\AppData\\Local\\Temp\\rust_mozprofilewYRR0G"
1649181372378	Marionette	INFO	Marionette enabled
console.warn: SearchSettings: "get: No settings file exists, new profile?" (new NotFoundError("Could not open the file at C:\\Users\\saied\\AppData\\Local\\Temp\\rust_mozprofilewYRR0G\\search.json.mozlz4", (void 0)))
DevTools listening on ws://localhost:56815/devtools/browser/729b8af2-ea9c-459e-a7c6-db4bd469d670
1649181374375	Marionette	INFO	Listening on port 56820
1649181374732	RemoteAgent	WARN	TLS certificate errors will be ignored for this session
console.warn: LoginRecipes: "getRecipes: falling back to a synchronous message for:" "http://127.0.0.1:5000"
1649181390476	Marionette	INFO	Stopped listening on port 56820
console.warn: TopSitesFeed: Failed to fetch data from Contile server: NetworkError when attempting to fetch resource.
JavaScript error: chrome://remote/content/marionette/cert.js, line 55: NS_ERROR_NOT_AVAILABLE: Component returned failure code: 0x80040111 (NS_ERROR_NOT_AVAILABLE) [nsICertOverrideService.setDisableAllSecurityChecksAndLetAttackersInterceptMyData]
1649244344341	geckodriver	INFO	Listening on 127.0.0.1:54525
1649244347375	mozrunner::runner	INFO	Running command: "C:\\Program Files\\Mozilla Firefox\\firefox.exe" "--marionette" "--remote-debugging-port" "54526" "-no-remote" "-profile" "C:\\Users\\saied\\AppData\\Local\\Temp\\rust_mozprofile6262iU"
1649244347826	Marionette	INFO	Marionette enabled
console.warn: SearchSettings: "get: No settings file exists, new profile?" (new NotFoundError("Could not open the file at C:\\Users\\saied\\AppData\\Local\\Temp\\rust_mozprofile6262iU\\search.json.mozlz4", (void 0)))
DevTools listening on ws://localhost:54526/devtools/browser/9b54b378-3601-4c50-8c01-74e6eb3c533b
1649244349990	Marionette	INFO	Listening on port 54532
1649244350068	RemoteAgent	WARN	TLS certificate errors will be ignored for this session
console.warn: LoginRecipes: "getRecipes: falling back to a synchronous message for:" "http://127.0.0.1:5000"
1649244350271	Marionette	INFO	Stopped listening on port 54532
console.error: services.settings: 
  main/query-stripping Signature failed  TypeError: NetworkError: Network request failed
1649244435603	geckodriver	INFO	Listening on 127.0.0.1:54588
1649244438674	mozrunner::runner	INFO	Running command: "C:\\Program Files\\Mozilla Firefox\\firefox.exe" "--marionette" "--remote-debugging-port" "54589" "-no-remote" "-profile" "C:\\Users\\saied\\AppData\\Local\\Temp\\rust_mozprofilejSsMUE"
1649244438981	Marionette	INFO	Marionette enabled
console.warn: SearchSettings: "get: No settings file exists, new profile?" (new NotFoundError("Could not open the file at C:\\Users\\saied\\AppData\\Local\\Temp\\rust_mozprofilejSsMUE\\search.json.mozlz4", (void 0)))
DevTools listening on ws://localhost:54589/devtools/browser/adada8d5-5ed3-433f-a0c7-9e867a170194
1649244440874	Marionette	INFO	Listening on port 54594
1649244441339	RemoteAgent	WARN	TLS certificate errors will be ignored for this session
1649244483378	Marionette	INFO	Stopped listening on port 54594
console.warn: TopSitesFeed: Failed to fetch data from Contile server: NetworkError when attempting to fetch resource.
remote-debugging-port" "54619" "-no-remote" "-profile" "C:\\Users\\saied\\AppData\\Local\\Temp\\rust_mozprofilerPDsnm"
1649244444718	Marionette	INFO	Marionette enabled
console.warn: SearchSettings: "get: No settings file exists, new profile?" (new NotFoundError("Could not open the file at C:\\Users\\saied\\AppData\\Local\\Temp\\rust_mozprofilerPDsnm\\search.json.mozlz4", (void 0)))
DevTools listening on ws://localhost:54619/devtools/browser/a4bb5ee7-1265-4be9-898e-5404266405a2
1649244446590	Marionette	INFO	Listening on port 54641
1649244447071	RemoteAgent	WARN	TLS certificate errors will be ignored for this session
console.warn: LoginRecipes: "getRecipes: falling back to a synchronous message for:" "http://127.0.0.1:5000"
1649244481878	Marionette	INFO	Stopped listening on port 54641
console.warn: TopSitesFeed: Failed to fetch data from Contile server: NetworkError when attempting to fetch resource.
JavaScript error: chrome://remote/content/marionette/cert.js, line 55: NS_ERROR_NOT_AVAILABLE: Component returned failure code: 0x80040111 (NS_ERROR_NOT_AVAILABLE) [nsICertOverrideService.setDisableAllSecurityChecksAndLetAttackersInterceptMyData]
1649244505285	geckodriver	INFO	Listening on 127.0.0.1:54734
1649244508319	mozrunner::runner	INFO	Running command: "C:\\Program Files\\Mozilla Firefox\\firefox.exe" "--marionette" "--remote-debugging-port" "54735" "-no-remote" "-profile" "C:\\Users\\saied\\AppData\\Local\\Temp\\rust_mozprofileEzetj3"
1649244508637	Marionette	INFO	Marionette enabled
console.warn: SearchSettings: "get: No settings file exists, new profile?" (new NotFoundError("Could not open the file at C:\\Users\\saied\\AppData\\Local\\Temp\\rust_mozprofileEzetj3\\search.json.mozlz4", (void 0)))
DevTools listening on ws://localhost:54735/devtools/browser/92903645-fb36-4b84-aaa5-bea152f2ce8e
1649244510450	Marionette	INFO	Listening on port 54741
1649244510485	RemoteAgent	WARN	TLS certificate errors will be ignored for this session
1649244522396	Marionette	INFO	Stopped listening on port 54741
console.warn: TopSitesFeed: Failed to fetch data from Contile server: NetworkError when attempting to fetch resource.
remote-debugging-port" "54763" "-no-remote" "-profile" "C:\\Users\\saied\\AppData\\Local\\Temp\\rust_mozprofileSEbeDz"
1649244513871	Marionette	INFO	Marionette enabled
console.warn: SearchSettings: "get: No settings file exists, new profile?" (new NotFoundError("Could not open the file at C:\\Users\\saied\\AppData\\Local\\Temp\\rust_mozprofileSEbeDz\\search.json.mozlz4", (void 0)))
DevTools listening on ws://localhost:54763/devtools/browser/6ac30b8f-ff53-49fa-b21b-7cbe0cf3198e
1649244515654	Marionette	INFO	Listening on port 54788
1649244515724	RemoteAgent	WARN	TLS certificate errors will be ignored for this session
console.warn: LoginRecipes: "getRecipes: falling back to a synchronous message for:" "http://127.0.0.1:5000"
1649244515935	Marionette	INFO	Stopped listening on port 54788
1649244540281	geckodriver	INFO	Listening on 127.0.0.1:54819
1649244543326	mozrunner::runner	INFO	Running command: "C:\\Program Files\\Mozilla Firefox\\firefox.exe" "--marionette" "--remote-debugging-port" "54820" "-no-remote" "-profile" "C:\\Users\\saied\\AppData\\Local\\Temp\\rust_mozprofileCR364A"
1649244543647	Marionette	INFO	Marionette enabled
console.warn: SearchSettings: "get: No settings file exists, new profile?" (new NotFoundError("Could not open the file at C:\\Users\\saied\\AppData\\Local\\Temp\\rust_mozprofileCR364A\\search.json.mozlz4", (void 0)))
DevTools listening on ws://localhost:54820/devtools/browser/6c6c915e-f44a-4dc5-ba4f-644ee2aa24bd
1649244545501	Marionette	INFO	Listening on port 54825
1649244545991	RemoteAgent	WARN	TLS certificate errors will be ignored for this session
console.warn: LoginRecipes: "getRecipes: falling back to a synchronous message for:" "http://127.0.0.1:5000"
1649244546164	Marionette	INFO	Stopped listening on port 54825
JavaScript error: resource://gre/modules/TerminatorTelemetry.jsm, line 71: AbortError: IOUtils: Shutting down and refusing additional I/O tasks
1649244588726	geckodriver	INFO	Listening on 127.0.0.1:54867
1649244591765	mozrunner::runner	INFO	Running command: "C:\\Program Files\\Mozilla Firefox\\firefox.exe" "--marionette" "--remote-debugging-port" "54868" "-no-remote" "-profile" "C:\\Users\\saied\\AppData\\Local\\Temp\\rust_mozprofileiXg1OR"
1649244592087	Marionette	INFO	Marionette enabled
console.warn: SearchSettings: "get: No settings file exists, new profile?" (new NotFoundError("Could not open the file at C:\\Users\\saied\\AppData\\Local\\Temp\\rust_mozprofileiXg1OR\\search.json.mozlz4", (void 0)))
DevTools listening on ws://localhost:54868/devtools/browser/9104339c-1d5f-40b7-89f5-aac35ef79d6f
1649244594083	Marionette	INFO	Listening on port 54873
1649244594429	RemoteAgent	WARN	TLS certificate errors will be ignored for this session
console.warn: LoginRecipes: "getRecipes: falling back to a synchronous message for:" "http://127.0.0.1:5000"
1649244594600	Marionette	INFO	Stopped listening on port 54873
1649244990165	geckodriver	INFO	Listening on 127.0.0.1:55071
1649244993194	mozrunner::runner	INFO	Running command: "C:\\Program Files\\Mozilla Firefox\\firefox.exe" "--marionette" "--remote-debugging-port" "55072" "-no-remote" "-profile" "C:\\Users\\saied\\AppData\\Local\\Temp\\rust_mozprofilemJHZfw"
1649244993511	Marionette	INFO	Marionette enabled
console.warn: SearchSettings: "get: No settings file exists, new profile?" (new NotFoundError("Could not open the file at C:\\Users\\saied\\AppData\\Local\\Temp\\rust_mozprofilemJHZfw\\search.json.mozlz4", (void 0)))
DevTools listening on ws://localhost:55072/devtools/browser/44e4688e-ee3c-4602-9501-dd6b897fcc37
1649244995282	Marionette	INFO	Listening on port 55079
1649244995340	RemoteAgent	WARN	TLS certificate errors will be ignored for this session
console.warn: LoginRecipes: "getRecipes: falling back to a synchronous message for:" "http://127.0.0.1:5000"
1649244995541	Marionette	INFO	Stopped listening on port 55079
1649245348408	geckodriver	INFO	Listening on 127.0.0.1:56768
1649245351455	mozrunner::runner	INFO	Running command: "C:\\Program Files\\Mozilla Firefox\\firefox.exe" "--marionette" "--remote-debugging-port" "56769" "-no-remote" "-profile" "C:\\Users\\saied\\AppData\\Local\\Temp\\rust_mozprofilebDmxIb"
1649245351769	Marionette	INFO	Marionette enabled
console.warn: SearchSettings: "get: No settings file exists, new profile?" (new NotFoundError("Could not open the file at C:\\Users\\saied\\AppData\\Local\\Temp\\rust_mozprofilebDmxIb\\search.json.mozlz4", (void 0)))
DevTools listening on ws://localhost:56769/devtools/browser/d9bae415-3766-48c7-97e8-4c1e3bda0a29
1649245353607	Marionette	INFO	Listening on port 56774
1649245354101	RemoteAgent	WARN	TLS certificate errors will be ignored for this session
console.warn: LoginRecipes: "getRecipes: falling back to a synchronous message for:" "http://127.0.0.1:5000"
1649245354290	Marionette	INFO	Stopped listening on port 56774
1649245354964	geckodriver	INFO	Listening on 127.0.0.1:56801
1649245358027	mozrunner::runner	INFO	Running command: "C:\\Program Files\\Mozilla Firefox\\firefox.exe" "--marionette" "--remote-debugging-port" "56802" "-no-remote" "-profile" "C:\\Users\\saied\\AppData\\Local\\Temp\\rust_mozprofilez2w25M"
1649245358351	Marionette	INFO	Marionette enabled
console.warn: SearchSettings: "get: No settings file exists, new profile?" (new NotFoundError("Could not open the file at C:\\Users\\saied\\AppData\\Local\\Temp\\rust_mozprofilez2w25M\\search.json.mozlz4", (void 0)))
DevTools listening on ws://localhost:56802/devtools/browser/89503531-a16c-47ae-81fc-be16b5ef2bee
1649245360210	Marionette	INFO	Listening on port 56808
1649245360695	RemoteAgent	WARN	TLS certificate errors will be ignored for this session
1649245360881	Marionette	INFO	Stopped listening on port 56808
1649245450572	geckodriver	INFO	Listening on 127.0.0.1:57882
1649245453613	mozrunner::runner	INFO	Running command: "C:\\Program Files\\Mozilla Firefox\\firefox.exe" "--marionette" "--remote-debugging-port" "57883" "-no-remote" "-profile" "C:\\Users\\saied\\AppData\\Local\\Temp\\rust_mozprofileZUCUSH"
1649245453938	Marionette	INFO	Marionette enabled
console.warn: SearchSettings: "get: No settings file exists, new profile?" (new NotFoundError("Could not open the file at C:\\Users\\saied\\AppData\\Local\\Temp\\rust_mozprofileZUCUSH\\search.json.mozlz4", (void 0)))
DevTools listening on ws://localhost:57883/devtools/browser/abd707a4-2895-45e2-882d-c8546a24093e
1649245455762	Marionette	INFO	Listening on port 57890
1649245455788	RemoteAgent	WARN	TLS certificate errors will be ignored for this session
console.warn: LoginRecipes: "getRecipes: falling back to a synchronous message for:" "http://127.0.0.1:5000"
1649245455984	Marionette	INFO	Stopped listening on port 57890
[Parent 14332, IPC I/O Parent] WARNING: DuplicateHandle failed for handle 0 in TransferHandles: file /builds/worker/checkouts/gecko/ipc/chromium/src/chrome/common/ipc_channel_win.cc:725

###!!! [Parent][PGPUParent] Error: RunMessage(msgname=PGPU::Msg_ShutdownVR) Channel closing: too late to send/recv, messages will be lost

1649245456668	geckodriver	INFO	Listening on 127.0.0.1:57918
1649245459705	mozrunner::runner	INFO	Running command: "C:\\Program Files\\Mozilla Firefox\\firefox.exe" "--marionette" "--remote-debugging-port" "57919" "-no-remote" "-profile" "C:\\Users\\saied\\AppData\\Local\\Temp\\rust_mozprofilecDQo7t"
1649245460013	Marionette	INFO	Marionette enabled
console.warn: SearchSettings: "get: No settings file exists, new profile?" (new NotFoundError("Could not open the file at C:\\Users\\saied\\AppData\\Local\\Temp\\rust_mozprofilecDQo7t\\search.json.mozlz4", (void 0)))
DevTools listening on ws://localhost:57919/devtools/browser/c6a2888d-5a43-42bd-a4f5-b14b4437b00e
1649245462028	Marionette	INFO	Listening on port 57924
1649245462379	RemoteAgent	WARN	TLS certificate errors will be ignored for this session
console.warn: LoginRecipes: "getRecipes: falling back to a synchronous message for:" "http://127.0.0.1:5000"
1649245462571	Marionette	INFO	Stopped listening on port 57924
JavaScript error: resource://gre/modules/TerminatorTelemetry.jsm, line 71: AbortError: IOUtils: Shutting down and refusing additional I/O tasks
1649245581591	geckodriver	INFO	Listening on 127.0.0.1:58002
1649245584628	mozrunner::runner	INFO	Running command: "C:\\Program Files\\Mozilla Firefox\\firefox.exe" "--marionette" "--remote-debugging-port" "58003" "-no-remote" "-profile" "C:\\Users\\saied\\AppData\\Local\\Temp\\rust_mozprofileBA8lqT"
1649245584939	Marionette	INFO	Marionette enabled
console.warn: SearchSettings: "get: No settings file exists, new profile?" (new NotFoundError("Could not open the file at C:\\Users\\saied\\AppData\\Local\\Temp\\rust_mozprofileBA8lqT\\search.json.mozlz4", (void 0)))
DevTools listening on ws://localhost:58003/devtools/browser/7c5e982c-1f81-4bcc-b89c-98a077812546
1649245586699	Marionette	INFO	Listening on port 58009
1649245586788	RemoteAgent	WARN	TLS certificate errors will be ignored for this session
console.warn: LoginRecipes: "getRecipes: falling back to a synchronous message for:" "http://127.0.0.1:5000"
1649245586966	Marionette	INFO	Stopped listening on port 58009
console.error: services.settings: 
  main/query-stripping Signature failed  TypeError: NetworkError: Network request failed
1649245587636	geckodriver	INFO	Listening on 127.0.0.1:58037
1649245590701	mozrunner::runner	INFO	Running command: "C:\\Program Files\\Mozilla Firefox\\firefox.exe" "--marionette" "--remote-debugging-port" "58038" "-no-remote" "-profile" "C:\\Users\\saied\\AppData\\Local\\Temp\\rust_mozprofile79rDv5"
1649245591019	Marionette	INFO	Marionette enabled
console.warn: SearchSettings: "get: No settings file exists, new profile?" (new NotFoundError("Could not open the file at C:\\Users\\saied\\AppData\\Local\\Temp\\rust_mozprofile79rDv5\\search.json.mozlz4", (void 0)))
DevTools listening on ws://localhost:58038/devtools/browser/fe086df3-9252-4363-ad94-1d4518a2ae47
1649245593160	Marionette	INFO	Listening on port 58043
1649245593368	RemoteAgent	WARN	TLS certificate errors will be ignored for this session
console.warn: LoginRecipes: "getRecipes: falling back to a synchronous message for:" "http://127.0.0.1:5000"
1649245593568	Marionette	INFO	Stopped listening on port 58043
JavaScript error: resource://gre/modules/TerminatorTelemetry.jsm, line 71: AbortError: IOUtils: Shutting down and refusing additional I/O tasks
1649245814965	geckodriver	INFO	Listening on 127.0.0.1:58170
1649245818021	mozrunner::runner	INFO	Running command: "C:\\Program Files\\Mozilla Firefox\\firefox.exe" "--marionette" "--remote-debugging-port" "58171" "-no-remote" "-profile" "C:\\Users\\saied\\AppData\\Local\\Temp\\rust_mozprofilehDQeKo"
1649245818339	Marionette	INFO	Marionette enabled
console.warn: SearchSettings: "get: No settings file exists, new profile?" (new NotFoundError("Could not open the file at C:\\Users\\saied\\AppData\\Local\\Temp\\rust_mozprofilehDQeKo\\search.json.mozlz4", (void 0)))
DevTools listening on ws://localhost:58171/devtools/browser/e3629381-99fe-4a01-830e-5411fc94f05c
1649245820391	Marionette	INFO	Listening on port 58176
1649245820709	RemoteAgent	WARN	TLS certificate errors will be ignored for this session
console.warn: LoginRecipes: "getRecipes: falling back to a synchronous message for:" "http://127.0.0.1:5000"
1649245820916	Marionette	INFO	Stopped listening on port 58176

###!!! [Parent][PContentParent] Error: Send(msgname=PContent::Msg_DestroyBrowsingContextGroup) Closed channel: cannot send/recv

JavaScript error: resource://gre/modules/TerminatorTelemetry.jsm, line 71: AbortError: IOUtils: Shutting down and refusing additional I/O tasks

###!!! [Parent][PGPUParent] Error: RunMessage(msgname=PGPU::Msg_ShutdownVR) Channel closing: too late to send/recv, messages will be lost

1649245821689	geckodriver	INFO	Listening on 127.0.0.1:58207
1649245824748	mozrunner::runner	INFO	Running command: "C:\\Program Files\\Mozilla Firefox\\firefox.exe" "--marionette" "--remote-debugging-port" "58208" "-no-remote" "-profile" "C:\\Users\\saied\\AppData\\Local\\Temp\\rust_mozprofileAvgE7Z"
1649245825075	Marionette	INFO	Marionette enabled
console.warn: SearchSettings: "get: No settings file exists, new profile?" (new NotFoundError("Could not open the file at C:\\Users\\saied\\AppData\\Local\\Temp\\rust_mozprofileAvgE7Z\\search.json.mozlz4", (void 0)))
DevTools listening on ws://localhost:58208/devtools/browser/6bdf5128-9417-4a21-8115-0eeff781cf09
1649245826999	Marionette	INFO	Listening on port 58219
1649245827420	RemoteAgent	WARN	TLS certificate errors will be ignored for this session
console.warn: LoginRecipes: "getRecipes: falling back to a synchronous message for:" "http://127.0.0.1:5000"
JavaScript error: resource://gre/modules/XULStore.jsm, line 66: Error: Can't find profile directory.
JavaScript error: resource://gre/modules/XULStore.jsm, line 66: Error: Can't find profile directory.
1649245827647	Marionette	INFO	Stopped listening on port 58219
JavaScript error: resource://gre/modules/TerminatorTelemetry.jsm, line 71: AbortError: IOUtils: Shutting down and refusing additional I/O tasks
1649255804079	geckodriver	INFO	Listening on 127.0.0.1:60835
1649255807156	mozrunner::runner	INFO	Running command: "C:\\Program Files\\Mozilla Firefox\\firefox.exe" "--marionette" "--remote-debugging-port" "60836" "-no-remote" "-profile" "C:\\Users\\saied\\AppData\\Local\\Temp\\rust_mozprofile6SGz9a"
1649255807488	Marionette	INFO	Marionette enabled
console.warn: SearchSettings: "get: No settings file exists, new profile?" (new NotFoundError("Could not open the file at C:\\Users\\saied\\AppData\\Local\\Temp\\rust_mozprofile6SGz9a\\search.json.mozlz4", (void 0)))
DevTools listening on ws://localhost:60836/devtools/browser/ccdb5594-a801-489a-9ca3-932074dd2b69
1649255810068	Marionette	INFO	Listening on port 60844
1649255810344	RemoteAgent	WARN	TLS certificate errors will be ignored for this session
console.warn: LoginRecipes: "getRecipes: falling back to a synchronous message for:" "http://127.0.0.1:5000"
1649255810671	Marionette	INFO	Stopped listening on port 60844
console.error: Region.jsm: "Error fetching region" (new TypeError("NetworkError when attempting to fetch resource.", ""))
console.error: Region.jsm: "Failed to fetch region" (new Error("NO_RESULT", "resource://gre/modules/Region.jsm", 419))

###!!! [Parent][PGPUParent] Error: RunMessage(msgname=PGPU::Msg_ShutdownVR) Channel closing: too late to send/recv, messages will be lost

1649255811480	geckodriver	INFO	Listening on 127.0.0.1:60876
1649255814508	mozrunner::runner	INFO	Running command: "C:\\Program Files\\Mozilla Firefox\\firefox.exe" "--marionette" "--remote-debugging-port" "60877" "-no-remote" "-profile" "C:\\Users\\saied\\AppData\\Local\\Temp\\rust_mozprofilejaCVY7"
1649255814869	Marionette	INFO	Marionette enabled
console.warn: SearchSettings: "get: No settings file exists, new profile?" (new NotFoundError("Could not open the file at C:\\Users\\saied\\AppData\\Local\\Temp\\rust_mozprofilejaCVY7\\search.json.mozlz4", (void 0)))
DevTools listening on ws://localhost:60877/devtools/browser/5021812c-f71e-4c58-ad38-c35081f45573
1649255816724	Marionette	INFO	Listening on port 60884
1649255817171	RemoteAgent	WARN	TLS certificate errors will be ignored for this session
console.warn: LoginRecipes: "getRecipes: falling back to a synchronous message for:" "http://127.0.0.1:5000"
JavaScript error: resource://gre/modules/XULStore.jsm, line 66: Error: Can't find profile directory.
JavaScript error: resource://gre/modules/XULStore.jsm, line 66: Error: Can't find profile directory.
console.warn: LoginRecipes: "getRecipes: falling back to a synchronous message for:" "http://127.0.0.1:5000"
1649255817908	Marionette	INFO	Stopped listening on port 60884

###!!! [Parent][PGPUParent] Error: RunMessage(msgname=PGPU::Msg_ShutdownVR) Channel closing: too late to send/recv, messages will be lost

1649255848504	geckodriver	INFO	Listening on 127.0.0.1:61053
1649255851527	mozrunner::runner	INFO	Running command: "C:\\Program Files\\Mozilla Firefox\\firefox.exe" "--marionette" "--remote-debugging-port" "61054" "-no-remote" "-profile" "C:\\Users\\saied\\AppData\\Local\\Temp\\rust_mozprofileQD6B55"
1649255851860	Marionette	INFO	Marionette enabled
console.warn: SearchSettings: "get: No settings file exists, new profile?" (new NotFoundError("Could not open the file at C:\\Users\\saied\\AppData\\Local\\Temp\\rust_mozprofileQD6B55\\search.json.mozlz4", (void 0)))
DevTools listening on ws://localhost:61054/devtools/browser/8f1f0596-5333-40b8-9123-79d053592e2c
1649255853801	Marionette	INFO	Listening on port 61060
1649255854205	RemoteAgent	WARN	TLS certificate errors will be ignored for this session
console.warn: LoginRecipes: "getRecipes: falling back to a synchronous message for:" "http://127.0.0.1:5000"
1649255854903	Marionette	INFO	Stopped listening on port 61060

###!!! [Child][PContentChild] Error: Send(msgname=PBrowser::Msg___delete__) Channel closing: too late to send/recv, messages will be lost


###!!! [Parent][PContentParent] Error: Send(msgname=PContent::Msg_DestroyBrowsingContextGroup) Closed channel: cannot send/recv

1649255856268	geckodriver	INFO	Listening on 127.0.0.1:61173
1649255859311	mozrunner::runner	INFO	Running command: "C:\\Program Files\\Mozilla Firefox\\firefox.exe" "--marionette" "--remote-debugging-port" "61174" "-no-remote" "-profile" "C:\\Users\\saied\\AppData\\Local\\Temp\\rust_mozprofiletsyYeA"
1649255859628	Marionette	INFO	Marionette enabled
console.warn: SearchSettings: "get: No settings file exists, new profile?" (new NotFoundError("Could not open the file at C:\\Users\\saied\\AppData\\Local\\Temp\\rust_mozprofiletsyYeA\\search.json.mozlz4", (void 0)))
DevTools listening on ws://localhost:61174/devtools/browser/9162e228-4fe9-4b39-afd8-62444f95777a
1649255861348	Marionette	INFO	Listening on port 58166
1649255861377	RemoteAgent	WARN	TLS certificate errors will be ignored for this session
console.warn: LoginRecipes: "getRecipes: falling back to a synchronous message for:" "http://127.0.0.1:5000"
JavaScript error: resource://gre/modules/XULStore.jsm, line 66: Error: Can't find profile directory.
JavaScript error: resource://gre/modules/XULStore.jsm, line 66: Error: Can't find profile directory.
console.warn: LoginRecipes: "getRecipes: falling back to a synchronous message for:" "http://127.0.0.1:5000"
1649255861806	Marionette	INFO	Stopped listening on port 58166

###!!! [Parent][PGPUParent] Error: RunMessage(msgname=PGPU::Msg_ShutdownVR) Channel closing: too late to send/recv, messages will be lost

1649255973450	geckodriver	INFO	Listening on 127.0.0.1:58310
1649255976504	mozrunner::runner	INFO	Running command: "C:\\Program Files\\Mozilla Firefox\\firefox.exe" "--marionette" "--remote-debugging-port" "58311" "-no-remote" "-profile" "C:\\Users\\saied\\AppData\\Local\\Temp\\rust_mozprofileO3Wz4a"
1649255976850	Marionette	INFO	Marionette enabled
console.warn: SearchSettings: "get: No settings file exists, new profile?" (new NotFoundError("Could not open the file at C:\\Users\\saied\\AppData\\Local\\Temp\\rust_mozprofileO3Wz4a\\search.json.mozlz4", (void 0)))
DevTools listening on ws://localhost:58311/devtools/browser/c38210b3-b9cf-420d-a3b4-6e53a20978bf
1649255978742	Marionette	INFO	Listening on port 58319
1649255979182	RemoteAgent	WARN	TLS certificate errors will be ignored for this session
console.warn: LoginRecipes: "getRecipes: falling back to a synchronous message for:" "http://127.0.0.1:5000"
1649255979370	Marionette	INFO	Stopped listening on port 58319
JavaScript error: resource://gre/modules/TerminatorTelemetry.jsm, line 71: AbortError: IOUtils: Shutting down and refusing additional I/O tasks
1649255980050	geckodriver	INFO	Listening on 127.0.0.1:58352
1649255983112	mozrunner::runner	INFO	Running command: "C:\\Program Files\\Mozilla Firefox\\firefox.exe" "--marionette" "--remote-debugging-port" "58353" "-no-remote" "-profile" "C:\\Users\\saied\\AppData\\Local\\Temp\\rust_mozprofile83QEfe"
1649255983414	Marionette	INFO	Marionette enabled
console.warn: SearchSettings: "get: No settings file exists, new profile?" (new NotFoundError("Could not open the file at C:\\Users\\saied\\AppData\\Local\\Temp\\rust_mozprofile83QEfe\\search.json.mozlz4", (void 0)))
DevTools listening on ws://localhost:58353/devtools/browser/5e37bcde-60a4-4fc2-b509-8bb6660bed7d
1649255985257	Marionette	INFO	Listening on port 58358
1649255985283	RemoteAgent	WARN	TLS certificate errors will be ignored for this session
console.warn: LoginRecipes: "getRecipes: falling back to a synchronous message for:" "http://127.0.0.1:5000"
JavaScript error: resource://gre/modules/XULStore.jsm, line 66: Error: Can't find profile directory.
JavaScript error: resource://gre/modules/XULStore.jsm, line 66: Error: Can't find profile directory.
console.warn: LoginRecipes: "getRecipes: falling back to a synchronous message for:" "http://127.0.0.1:5000"
1649255985725	Marionette	INFO	Stopped listening on port 58358
1649256016580	geckodriver	INFO	Listening on 127.0.0.1:58419
1649256019629	mozrunner::runner	INFO	Running command: "C:\\Program Files\\Mozilla Firefox\\firefox.exe" "--marionette" "--remote-debugging-port" "58420" "-no-remote" "-profile" "C:\\Users\\saied\\AppData\\Local\\Temp\\rust_mozprofileUtUqkN"
1649256019939	Marionette	INFO	Marionette enabled
console.warn: SearchSettings: "get: No settings file exists, new profile?" (new NotFoundError("Could not open the file at C:\\Users\\saied\\AppData\\Local\\Temp\\rust_mozprofileUtUqkN\\search.json.mozlz4", (void 0)))
DevTools listening on ws://localhost:58420/devtools/browser/5337bfd5-e8fa-448e-85bb-a901982fe4dc
1649256021659	Marionette	INFO	Listening on port 58425
1649256021696	RemoteAgent	WARN	TLS certificate errors will be ignored for this session
console.warn: LoginRecipes: "getRecipes: falling back to a synchronous message for:" "http://127.0.0.1:5000"
1649256021877	Marionette	INFO	Stopped listening on port 58425
console.error: services.settings: 
  main/query-stripping Signature failed  TypeError: NetworkError: Network request failed
1649256022504	geckodriver	INFO	Listening on 127.0.0.1:58453
1649256025561	mozrunner::runner	INFO	Running command: "C:\\Program Files\\Mozilla Firefox\\firefox.exe" "--marionette" "--remote-debugging-port" "58454" "-no-remote" "-profile" "C:\\Users\\saied\\AppData\\Local\\Temp\\rust_mozprofilexCXQKP"
1649256025891	Marionette	INFO	Marionette enabled
console.warn: SearchSettings: "get: No settings file exists, new profile?" (new NotFoundError("Could not open the file at C:\\Users\\saied\\AppData\\Local\\Temp\\rust_mozprofilexCXQKP\\search.json.mozlz4", (void 0)))
DevTools listening on ws://localhost:58454/devtools/browser/8d83ec6e-501d-4327-820d-35dcb1499e6b
1649256027643	Marionette	INFO	Listening on port 58461
1649256027719	RemoteAgent	WARN	TLS certificate errors will be ignored for this session
console.warn: LoginRecipes: "getRecipes: falling back to a synchronous message for:" "http://127.0.0.1:5000"
JavaScript error: resource://gre/modules/XULStore.jsm, line 66: Error: Can't find profile directory.
JavaScript error: resource://gre/modules/XULStore.jsm, line 66: Error: Can't find profile directory.
console.warn: LoginRecipes: "getRecipes: falling back to a synchronous message for:" "http://127.0.0.1:5000"
1649256028387	Marionette	INFO	Stopped listening on port 58461
1649256106236	geckodriver	INFO	Listening on 127.0.0.1:58550
1649256109280	mozrunner::runner	INFO	Running command: "C:\\Program Files\\Mozilla Firefox\\firefox.exe" "--marionette" "--remote-debugging-port" "58551" "-no-remote" "-profile" "C:\\Users\\saied\\AppData\\Local\\Temp\\rust_mozprofilenkL2Dc"
1649256109593	Marionette	INFO	Marionette enabled
console.warn: SearchSettings: "get: No settings file exists, new profile?" (new NotFoundError("Could not open the file at C:\\Users\\saied\\AppData\\Local\\Temp\\rust_mozprofilenkL2Dc\\search.json.mozlz4", (void 0)))
DevTools listening on ws://localhost:58551/devtools/browser/8f4e1e4f-f76e-4a55-b2b5-0fa657bb3177
1649256111383	Marionette	INFO	Listening on port 58557
1649256111447	RemoteAgent	WARN	TLS certificate errors will be ignored for this session
console.warn: LoginRecipes: "getRecipes: falling back to a synchronous message for:" "http://127.0.0.1:5000"
1649256111633	Marionette	INFO	Stopped listening on port 58557
1649256112302	geckodriver	INFO	Listening on 127.0.0.1:58587
1649256115357	mozrunner::runner	INFO	Running command: "C:\\Program Files\\Mozilla Firefox\\firefox.exe" "--marionette" "--remote-debugging-port" "58588" "-no-remote" "-profile" "C:\\Users\\saied\\AppData\\Local\\Temp\\rust_mozprofileR3Q9JP"
1649256115669	Marionette	INFO	Marionette enabled
console.warn: SearchSettings: "get: No settings file exists, new profile?" (new NotFoundError("Could not open the file at C:\\Users\\saied\\AppData\\Local\\Temp\\rust_mozprofileR3Q9JP\\search.json.mozlz4", (void 0)))
DevTools listening on ws://localhost:58588/devtools/browser/8552ac6d-cc28-4ca5-9651-8787b4508103
1649256117622	Marionette	INFO	Listening on port 58593
1649256118023	RemoteAgent	WARN	TLS certificate errors will be ignored for this session
console.warn: LoginRecipes: "getRecipes: falling back to a synchronous message for:" "http://127.0.0.1:5000"
JavaScript error: resource://gre/modules/XULStore.jsm, line 66: Error: Can't find profile directory.
JavaScript error: resource://gre/modules/XULStore.jsm, line 66: Error: Can't find profile directory.
console.warn: LoginRecipes: "getRecipes: falling back to a synchronous message for:" "http://127.0.0.1:5000"
1649256118456	Marionette	INFO	Stopped listening on port 58593
[Parent 27608, IPC I/O Parent] WARNING: DuplicateHandle failed for handle 0 in TransferHandles: file /builds/worker/checkouts/gecko/ipc/chromium/src/chrome/common/ipc_channel_win.cc:725
JavaScript error: resource://gre/modules/TerminatorTelemetry.jsm, line 71: AbortError: IOUtils: Shutting down and refusing additional I/O tasks
1649256239911	geckodriver	INFO	Listening on 127.0.0.1:55965
1649256242952	mozrunner::runner	INFO	Running command: "C:\\Program Files\\Mozilla Firefox\\firefox.exe" "--marionette" "--remote-debugging-port" "55966" "-no-remote" "-profile" "C:\\Users\\saied\\AppData\\Local\\Temp\\rust_mozprofileyrG208"
1649256243259	Marionette	INFO	Marionette enabled
console.warn: SearchSettings: "get: No settings file exists, new profile?" (new NotFoundError("Could not open the file at C:\\Users\\saied\\AppData\\Local\\Temp\\rust_mozprofileyrG208\\search.json.mozlz4", (void 0)))
DevTools listening on ws://localhost:55966/devtools/browser/c0689fc6-6585-4441-9a54-da5264ecdcee
1649256245214	Marionette	INFO	Listening on port 55972
1649256245616	RemoteAgent	WARN	TLS certificate errors will be ignored for this session
console.warn: LoginRecipes: "getRecipes: falling back to a synchronous message for:" "http://127.0.0.1:5000"
1649256245784	Marionette	INFO	Stopped listening on port 55972
JavaScript error: resource://gre/modules/TerminatorTelemetry.jsm, line 71: AbortError: IOUtils: Shutting down and refusing additional I/O tasks
1649256246460	geckodriver	INFO	Listening on 127.0.0.1:56000
1649256249511	mozrunner::runner	INFO	Running command: "C:\\Program Files\\Mozilla Firefox\\firefox.exe" "--marionette" "--remote-debugging-port" "56001" "-no-remote" "-profile" "C:\\Users\\saied\\AppData\\Local\\Temp\\rust_mozprofileEpyOLd"
1649256249826	Marionette	INFO	Marionette enabled
console.warn: SearchSettings: "get: No settings file exists, new profile?" (new NotFoundError("Could not open the file at C:\\Users\\saied\\AppData\\Local\\Temp\\rust_mozprofileEpyOLd\\search.json.mozlz4", (void 0)))
DevTools listening on ws://localhost:56001/devtools/browser/7fc1dd83-2282-452f-84ed-04adc565a252
1649256251703	Marionette	INFO	Listening on port 56006
1649256252189	RemoteAgent	WARN	TLS certificate errors will be ignored for this session
console.warn: LoginRecipes: "getRecipes: falling back to a synchronous message for:" "http://127.0.0.1:5000"
JavaScript error: resource://gre/modules/XULStore.jsm, line 66: Error: Can't find profile directory.
JavaScript error: resource://gre/modules/XULStore.jsm, line 66: Error: Can't find profile directory.
console.warn: LoginRecipes: "getRecipes: falling back to a synchronous message for:" "http://127.0.0.1:5000"
1649256252519	Marionette	INFO	Stopped listening on port 56006

###!!! [Parent][PGPUParent] Error: RunMessage(msgname=PGPU::Msg_ShutdownVR) Channel closing: too late to send/recv, messages will be lost

JavaScript error: resource://gre/modules/TerminatorTelemetry.jsm, line 71: AbortError: IOUtils: Shutting down and refusing additional I/O tasks
1649256710765	geckodriver	INFO	Listening on 127.0.0.1:56255
1649256713860	mozrunner::runner	INFO	Running command: "C:\\Program Files\\Mozilla Firefox\\firefox.exe" "--marionette" "--remote-debugging-port" "56256" "-no-remote" "-profile" "C:\\Users\\saied\\AppData\\Local\\Temp\\rust_mozprofileQnEPSL"
1649256714184	Marionette	INFO	Marionette enabled
console.warn: SearchSettings: "get: No settings file exists, new profile?" (new NotFoundError("Could not open the file at C:\\Users\\saied\\AppData\\Local\\Temp\\rust_mozprofileQnEPSL\\search.json.mozlz4", (void 0)))
DevTools listening on ws://localhost:56256/devtools/browser/e2ac01a5-ef27-4dc0-b75d-cf7665f59e08
1649256716209	Marionette	INFO	Listening on port 56262
1649256716562	RemoteAgent	WARN	TLS certificate errors will be ignored for this session
console.warn: LoginRecipes: "getRecipes: falling back to a synchronous message for:" "http://127.0.0.1:5000"
1649256720664	Marionette	INFO	Stopped listening on port 56262
1649256721603	geckodriver	INFO	Listening on 127.0.0.1:56310
1649256724675	mozrunner::runner	INFO	Running command: "C:\\Program Files\\Mozilla Firefox\\firefox.exe" "--marionette" "--remote-debugging-port" "56311" "-no-remote" "-profile" "C:\\Users\\saied\\AppData\\Local\\Temp\\rust_mozprofileMMRvS9"
1649256725047	Marionette	INFO	Marionette enabled
console.warn: SearchSettings: "get: No settings file exists, new profile?" (new NotFoundError("Could not open the file at C:\\Users\\saied\\AppData\\Local\\Temp\\rust_mozprofileMMRvS9\\search.json.mozlz4", (void 0)))
DevTools listening on ws://localhost:56311/devtools/browser/3205afd3-2f49-47f9-a4aa-2b8937d330bf
1649256726941	Marionette	INFO	Listening on port 56316
1649256727348	RemoteAgent	WARN	TLS certificate errors will be ignored for this session
console.warn: LoginRecipes: "getRecipes: falling back to a synchronous message for:" "http://127.0.0.1:5000"
JavaScript error: resource://gre/modules/XULStore.jsm, line 66: Error: Can't find profile directory.
JavaScript error: resource://gre/modules/XULStore.jsm, line 66: Error: Can't find profile directory.
console.warn: LoginRecipes: "getRecipes: falling back to a synchronous message for:" "http://127.0.0.1:5000"
1649256727688	Marionette	INFO	Stopped listening on port 56316
JavaScript error: resource://gre/modules/TerminatorTelemetry.jsm, line 71: AbortError: IOUtils: Shutting down and refusing additional I/O tasks
1649258601341	geckodriver	INFO	Listening on 127.0.0.1:56890
1649258604412	mozrunner::runner	INFO	Running command: "C:\\Program Files\\Mozilla Firefox\\firefox.exe" "--marionette" "--remote-debugging-port" "56891" "-no-remote" "-profile" "C:\\Users\\saied\\AppData\\Local\\Temp\\rust_mozprofilehpYtUm"
1649258604733	Marionette	INFO	Marionette enabled
console.warn: SearchSettings: "get: No settings file exists, new profile?" (new NotFoundError("Could not open the file at C:\\Users\\saied\\AppData\\Local\\Temp\\rust_mozprofilehpYtUm\\search.json.mozlz4", (void 0)))
DevTools listening on ws://localhost:56891/devtools/browser/b3c22209-0afd-448a-b117-a2587e55cde5
1649258606654	Marionette	INFO	Listening on port 56897
1649258607079	RemoteAgent	WARN	TLS certificate errors will be ignored for this session
console.warn: LoginRecipes: "getRecipes: falling back to a synchronous message for:" "http://127.0.0.1:5000"
1649258607248	Marionette	INFO	Stopped listening on port 56897
JavaScript error: resource://gre/modules/TerminatorTelemetry.jsm, line 71: AbortError: IOUtils: Shutting down and refusing additional I/O tasks
1649258607912	geckodriver	INFO	Listening on 127.0.0.1:56927
1649258610963	mozrunner::runner	INFO	Running command: "C:\\Program Files\\Mozilla Firefox\\firefox.exe" "--marionette" "--remote-debugging-port" "56928" "-no-remote" "-profile" "C:\\Users\\saied\\AppData\\Local\\Temp\\rust_mozprofilexnLVjN"
1649258611285	Marionette	INFO	Marionette enabled
console.warn: SearchSettings: "get: No settings file exists, new profile?" (new NotFoundError("Could not open the file at C:\\Users\\saied\\AppData\\Local\\Temp\\rust_mozprofilexnLVjN\\search.json.mozlz4", (void 0)))
DevTools listening on ws://localhost:56928/devtools/browser/016a60c1-1867-444e-85ce-4dcced03e840
1649258613171	Marionette	INFO	Listening on port 56935
1649258613638	RemoteAgent	WARN	TLS certificate errors will be ignored for this session
console.warn: LoginRecipes: "getRecipes: falling back to a synchronous message for:" "http://127.0.0.1:5000"
JavaScript error: resource://gre/modules/XULStore.jsm, line 66: Error: Can't find profile directory.
JavaScript error: resource://gre/modules/XULStore.jsm, line 66: Error: Can't find profile directory.
console.warn: LoginRecipes: "getRecipes: falling back to a synchronous message for:" "http://127.0.0.1:5000"
1649258614031	Marionette	INFO	Stopped listening on port 56935
JavaScript error: resource://gre/modules/TerminatorTelemetry.jsm, line 71: AbortError: IOUtils: Shutting down and refusing additional I/O tasks
1649258797543	geckodriver	INFO	Listening on 127.0.0.1:57007
1649258800616	mozrunner::runner	INFO	Running command: "C:\\Program Files\\Mozilla Firefox\\firefox.exe" "--marionette" "--remote-debugging-port" "57008" "-no-remote" "-profile" "C:\\Users\\saied\\AppData\\Local\\Temp\\rust_mozprofileF1Injt"
1649258800915	Marionette	INFO	Marionette enabled
console.warn: SearchSettings: "get: No settings file exists, new profile?" (new NotFoundError("Could not open the file at C:\\Users\\saied\\AppData\\Local\\Temp\\rust_mozprofileF1Injt\\search.json.mozlz4", (void 0)))
DevTools listening on ws://localhost:57008/devtools/browser/0e3219da-497a-4e84-ab70-42bd3c000154
1649258802605	Marionette	INFO	Listening on port 57014
1649258802675	RemoteAgent	WARN	TLS certificate errors will be ignored for this session
console.warn: LoginRecipes: "getRecipes: falling back to a synchronous message for:" "http://127.0.0.1:5000"
1649258802864	Marionette	INFO	Stopped listening on port 57014
console.error: services.settings: 
  main/query-stripping Signature failed  TypeError: NetworkError: Network request failed
1649258803517	geckodriver	INFO	Listening on 127.0.0.1:57040
1649258806601	mozrunner::runner	INFO	Running command: "C:\\Program Files\\Mozilla Firefox\\firefox.exe" "--marionette" "--remote-debugging-port" "57041" "-no-remote" "-profile" "C:\\Users\\saied\\AppData\\Local\\Temp\\rust_mozprofileEWMWAH"
1649258806926	Marionette	INFO	Marionette enabled
console.warn: SearchSettings: "get: No settings file exists, new profile?" (new NotFoundError("Could not open the file at C:\\Users\\saied\\AppData\\Local\\Temp\\rust_mozprofileEWMWAH\\search.json.mozlz4", (void 0)))
DevTools listening on ws://localhost:57041/devtools/browser/bec9b1a0-9d5b-4009-95be-97cfff62e9b7
1649258808688	Marionette	INFO	Listening on port 57046
1649258808773	RemoteAgent	WARN	TLS certificate errors will be ignored for this session
console.warn: LoginRecipes: "getRecipes: falling back to a synchronous message for:" "http://127.0.0.1:5000"
JavaScript error: resource://gre/modules/XULStore.jsm, line 66: Error: Can't find profile directory.
JavaScript error: resource://gre/modules/XULStore.jsm, line 66: Error: Can't find profile directory.
console.warn: LoginRecipes: "getRecipes: falling back to a synchronous message for:" "http://127.0.0.1:5000"
1649258809100	Marionette	INFO	Stopped listening on port 57046
1649259168517	geckodriver	INFO	Listening on 127.0.0.1:57212
1649259171587	mozrunner::runner	INFO	Running command: "C:\\Program Files\\Mozilla Firefox\\firefox.exe" "--marionette" "--remote-debugging-port" "57213" "-no-remote" "-profile" "C:\\Users\\saied\\AppData\\Local\\Temp\\rust_mozprofile71cqrC"
1649259171916	Marionette	INFO	Marionette enabled
console.warn: SearchSettings: "get: No settings file exists, new profile?" (new NotFoundError("Could not open the file at C:\\Users\\saied\\AppData\\Local\\Temp\\rust_mozprofile71cqrC\\search.json.mozlz4", (void 0)))
DevTools listening on ws://localhost:57213/devtools/browser/0e30073f-6702-4ee2-9de9-ff289c1aa4fd
1649259173716	Marionette	INFO	Listening on port 57222
1649259173748	RemoteAgent	WARN	TLS certificate errors will be ignored for this session
console.warn: LoginRecipes: "getRecipes: falling back to a synchronous message for:" "http://127.0.0.1:5000"
1649259173926	Marionette	INFO	Stopped listening on port 57222
console.warn: services.settings: main/query-stripping sync interrupted by shutdown

###!!! [Parent][PGPUParent] Error: RunMessage(msgname=PGPU::Msg_ShutdownVR) Channel closing: too late to send/recv, messages will be lost

1649259174602	geckodriver	INFO	Listening on 127.0.0.1:57253
1649259177643	mozrunner::runner	INFO	Running command: "C:\\Program Files\\Mozilla Firefox\\firefox.exe" "--marionette" "--remote-debugging-port" "57254" "-no-remote" "-profile" "C:\\Users\\saied\\AppData\\Local\\Temp\\rust_mozprofileA3QTUO"
1649259178020	Marionette	INFO	Marionette enabled
console.warn: SearchSettings: "get: No settings file exists, new profile?" (new NotFoundError("Could not open the file at C:\\Users\\saied\\AppData\\Local\\Temp\\rust_mozprofileA3QTUO\\search.json.mozlz4", (void 0)))
DevTools listening on ws://localhost:57254/devtools/browser/b238c023-cb6f-4301-b2ef-0336312237f2
1649259179947	Marionette	INFO	Listening on port 57261
1649259180298	RemoteAgent	WARN	TLS certificate errors will be ignored for this session
console.warn: LoginRecipes: "getRecipes: falling back to a synchronous message for:" "http://127.0.0.1:5000"
1649259180690	Marionette	INFO	Stopped listening on port 57261
JavaScript error: resource://gre/modules/TerminatorTelemetry.jsm, line 71: AbortError: IOUtils: Shutting down and refusing additional I/O tasks
1649259213299	geckodriver	INFO	Listening on 127.0.0.1:57310
1649259216368	mozrunner::runner	INFO	Running command: "C:\\Program Files\\Mozilla Firefox\\firefox.exe" "--marionette" "--remote-debugging-port" "57311" "-no-remote" "-profile" "C:\\Users\\saied\\AppData\\Local\\Temp\\rust_mozprofileXjWSn6"
1649259216694	Marionette	INFO	Marionette enabled
console.warn: SearchSettings: "get: No settings file exists, new profile?" (new NotFoundError("Could not open the file at C:\\Users\\saied\\AppData\\Local\\Temp\\rust_mozprofileXjWSn6\\search.json.mozlz4", (void 0)))
DevTools listening on ws://localhost:57311/devtools/browser/1ce0f95f-39bb-49b4-846c-ea65a3c47162
1649259218523	Marionette	INFO	Listening on port 57320
1649259219037	RemoteAgent	WARN	TLS certificate errors will be ignored for this session
console.warn: LoginRecipes: "getRecipes: falling back to a synchronous message for:" "http://127.0.0.1:5000"
1649259219225	Marionette	INFO	Stopped listening on port 57320
JavaScript error: resource://gre/modules/TerminatorTelemetry.jsm, line 71: AbortError: IOUtils: Shutting down and refusing additional I/O tasks
1649259220004	geckodriver	INFO	Listening on 127.0.0.1:57353
1649259223072	mozrunner::runner	INFO	Running command: "C:\\Program Files\\Mozilla Firefox\\firefox.exe" "--marionette" "--remote-debugging-port" "57354" "-no-remote" "-profile" "C:\\Users\\saied\\AppData\\Local\\Temp\\rust_mozprofileJg3kL9"
1649259223383	Marionette	INFO	Marionette enabled
console.warn: SearchSettings: "get: No settings file exists, new profile?" (new NotFoundError("Could not open the file at C:\\Users\\saied\\AppData\\Local\\Temp\\rust_mozprofileJg3kL9\\search.json.mozlz4", (void 0)))
DevTools listening on ws://localhost:57354/devtools/browser/71d00af5-96a3-4d6e-bffc-7eab71f295b1
1649259225134	Marionette	INFO	Listening on port 57362
1649259225241	RemoteAgent	WARN	TLS certificate errors will be ignored for this session
console.warn: LoginRecipes: "getRecipes: falling back to a synchronous message for:" "http://127.0.0.1:5000"
JavaScript error: resource://gre/modules/XULStore.jsm, line 66: Error: Can't find profile directory.
JavaScript error: resource://gre/modules/XULStore.jsm, line 66: Error: Can't find profile directory.
console.warn: LoginRecipes: "getRecipes: falling back to a synchronous message for:" "http://127.0.0.1:5000"
1649259225603	Marionette	INFO	Stopped listening on port 57362

###!!! [Parent][PGPUParent] Error: RunMessage(msgname=PGPU::Msg_ShutdownVR) Channel closing: too late to send/recv, messages will be lost

1649259294642	geckodriver	INFO	Listening on 127.0.0.1:57458
1649259297705	mozrunner::runner	INFO	Running command: "C:\\Program Files\\Mozilla Firefox\\firefox.exe" "--marionette" "--remote-debugging-port" "57459" "-no-remote" "-profile" "C:\\Users\\saied\\AppData\\Local\\Temp\\rust_mozprofilenkOurx"
1649259298011	Marionette	INFO	Marionette enabled
console.warn: SearchSettings: "get: No settings file exists, new profile?" (new NotFoundError("Could not open the file at C:\\Users\\saied\\AppData\\Local\\Temp\\rust_mozprofilenkOurx\\search.json.mozlz4", (void 0)))
DevTools listening on ws://localhost:57459/devtools/browser/d60cd2fb-55be-406d-946a-8fee21b550b0
1649259299952	Marionette	INFO	Listening on port 57466
1649259300377	RemoteAgent	WARN	TLS certificate errors will be ignored for this session
console.warn: LoginRecipes: "getRecipes: falling back to a synchronous message for:" "http://127.0.0.1:5000"
1649259300575	Marionette	INFO	Stopped listening on port 57466
JavaScript error: resource://gre/modules/TerminatorTelemetry.jsm, line 71: AbortError: IOUtils: Shutting down and refusing additional I/O tasks
1649259301426	geckodriver	INFO	Listening on 127.0.0.1:57497
1649259304463	mozrunner::runner	INFO	Running command: "C:\\Program Files\\Mozilla Firefox\\firefox.exe" "--marionette" "--remote-debugging-port" "57498" "-no-remote" "-profile" "C:\\Users\\saied\\AppData\\Local\\Temp\\rust_mozprofile3ueofj"
1649259304782	Marionette	INFO	Marionette enabled
console.warn: SearchSettings: "get: No settings file exists, new profile?" (new NotFoundError("Could not open the file at C:\\Users\\saied\\AppData\\Local\\Temp\\rust_mozprofile3ueofj\\search.json.mozlz4", (void 0)))
DevTools listening on ws://localhost:57498/devtools/browser/aae2c0c0-4137-47af-b684-8c23a57cf142
1649259306599	Marionette	INFO	Listening on port 57504
1649259306631	RemoteAgent	WARN	TLS certificate errors will be ignored for this session
console.warn: LoginRecipes: "getRecipes: falling back to a synchronous message for:" "http://127.0.0.1:5000"
1649259306993	Marionette	INFO	Stopped listening on port 57504
1649259376101	geckodriver	INFO	Listening on 127.0.0.1:57581
1649259379185	mozrunner::runner	INFO	Running command: "C:\\Program Files\\Mozilla Firefox\\firefox.exe" "--marionette" "--remote-debugging-port" "57582" "-no-remote" "-profile" "C:\\Users\\saied\\AppData\\Local\\Temp\\rust_mozprofileaJhq8s"
1649259379512	Marionette	INFO	Marionette enabled
console.warn: SearchSettings: "get: No settings file exists, new profile?" (new NotFoundError("Could not open the file at C:\\Users\\saied\\AppData\\Local\\Temp\\rust_mozprofileaJhq8s\\search.json.mozlz4", (void 0)))
DevTools listening on ws://localhost:57582/devtools/browser/ba075234-caf0-4560-b6f5-fb0c38c21296
1649259381282	Marionette	INFO	Listening on port 57588
1649259381352	RemoteAgent	WARN	TLS certificate errors will be ignored for this session
console.warn: LoginRecipes: "getRecipes: falling back to a synchronous message for:" "http://127.0.0.1:5000"
1649259381544	Marionette	INFO	Stopped listening on port 57588
console.error: services.settings: 
  main/query-stripping Signature failed  TypeError: NetworkError: Network request failed

###!!! [Parent][PGPUParent] Error: RunMessage(msgname=PGPU::Msg_ShutdownVR) Channel closing: too late to send/recv, messages will be lost

1649259382318	geckodriver	INFO	Listening on 127.0.0.1:57617
1649259385381	mozrunner::runner	INFO	Running command: "C:\\Program Files\\Mozilla Firefox\\firefox.exe" "--marionette" "--remote-debugging-port" "57618" "-no-remote" "-profile" "C:\\Users\\saied\\AppData\\Local\\Temp\\rust_mozprofilertHSXI"
1649259385699	Marionette	INFO	Marionette enabled
console.warn: SearchSettings: "get: No settings file exists, new profile?" (new NotFoundError("Could not open the file at C:\\Users\\saied\\AppData\\Local\\Temp\\rust_mozprofilertHSXI\\search.json.mozlz4", (void 0)))
DevTools listening on ws://localhost:57618/devtools/browser/2d67404a-78ba-4a30-b18a-2009fc34bb11
1649259387509	Marionette	INFO	Listening on port 57627
1649259387543	RemoteAgent	WARN	TLS certificate errors will be ignored for this session
1649259387676	Marionette	INFO	Stopped listening on port 57627
console.error: services.settings: 
  main/query-stripping Signature failed  TypeError: NetworkError: Network request failed
1649259408467	geckodriver	INFO	Listening on 127.0.0.1:57666
1649259411519	mozrunner::runner	INFO	Running command: "C:\\Program Files\\Mozilla Firefox\\firefox.exe" "--marionette" "--remote-debugging-port" "57667" "-no-remote" "-profile" "C:\\Users\\saied\\AppData\\Local\\Temp\\rust_mozprofileYO6N8U"
1649259411878	Marionette	INFO	Marionette enabled
console.warn: SearchSettings: "get: No settings file exists, new profile?" (new NotFoundError("Could not open the file at C:\\Users\\saied\\AppData\\Local\\Temp\\rust_mozprofileYO6N8U\\search.json.mozlz4", (void 0)))
DevTools listening on ws://localhost:57667/devtools/browser/62f4ecc5-6ba1-4b33-b65b-7b21d6256bb1
1649259413734	Marionette	INFO	Listening on port 57674
1649259414185	RemoteAgent	WARN	TLS certificate errors will be ignored for this session
console.warn: LoginRecipes: "getRecipes: falling back to a synchronous message for:" "http://127.0.0.1:5000"
1649259414378	Marionette	INFO	Stopped listening on port 57674
JavaScript error: resource://gre/modules/TerminatorTelemetry.jsm, line 71: AbortError: IOUtils: Shutting down and refusing additional I/O tasks
1649259415062	geckodriver	INFO	Listening on 127.0.0.1:57706
1649259418143	mozrunner::runner	INFO	Running command: "C:\\Program Files\\Mozilla Firefox\\firefox.exe" "--marionette" "--remote-debugging-port" "57707" "-no-remote" "-profile" "C:\\Users\\saied\\AppData\\Local\\Temp\\rust_mozprofileuMvCvR"
1649259418468	Marionette	INFO	Marionette enabled
console.warn: SearchSettings: "get: No settings file exists, new profile?" (new NotFoundError("Could not open the file at C:\\Users\\saied\\AppData\\Local\\Temp\\rust_mozprofileuMvCvR\\search.json.mozlz4", (void 0)))
DevTools listening on ws://localhost:57707/devtools/browser/3b95bb72-b420-43b6-8cf5-b785241db7af
1649259420341	Marionette	INFO	Listening on port 57713
1649259420831	RemoteAgent	WARN	TLS certificate errors will be ignored for this session
1649259420971	Marionette	INFO	Stopped listening on port 57713
JavaScript error: resource://gre/modules/TerminatorTelemetry.jsm, line 71: AbortError: IOUtils: Shutting down and refusing additional I/O tasks
1649259462956	geckodriver	INFO	Listening on 127.0.0.1:57758
1649259465995	mozrunner::runner	INFO	Running command: "C:\\Program Files\\Mozilla Firefox\\firefox.exe" "--marionette" "--remote-debugging-port" "57759" "-no-remote" "-profile" "C:\\Users\\saied\\AppData\\Local\\Temp\\rust_mozprofilegtUOIp"
1649259466312	Marionette	INFO	Marionette enabled
console.warn: SearchSettings: "get: No settings file exists, new profile?" (new NotFoundError("Could not open the file at C:\\Users\\saied\\AppData\\Local\\Temp\\rust_mozprofilegtUOIp\\search.json.mozlz4", (void 0)))
DevTools listening on ws://localhost:57759/devtools/browser/c8930c39-5316-4d47-9d04-42a56c45defd
1649259468374	Marionette	INFO	Listening on port 57764
1649259468684	RemoteAgent	WARN	TLS certificate errors will be ignored for this session
console.warn: LoginRecipes: "getRecipes: falling back to a synchronous message for:" "http://127.0.0.1:5000"
1649259468858	Marionette	INFO	Stopped listening on port 57764
JavaScript error: resource://gre/modules/TerminatorTelemetry.jsm, line 71: AbortError: IOUtils: Shutting down and refusing additional I/O tasks
1649259469535	geckodriver	INFO	Listening on 127.0.0.1:57792
1649259472577	mozrunner::runner	INFO	Running command: "C:\\Program Files\\Mozilla Firefox\\firefox.exe" "--marionette" "--remote-debugging-port" "57793" "-no-remote" "-profile" "C:\\Users\\saied\\AppData\\Local\\Temp\\rust_mozprofile0NXdBt"
1649259472899	Marionette	INFO	Marionette enabled
console.warn: SearchSettings: "get: No settings file exists, new profile?" (new NotFoundError("Could not open the file at C:\\Users\\saied\\AppData\\Local\\Temp\\rust_mozprofile0NXdBt\\search.json.mozlz4", (void 0)))
DevTools listening on ws://localhost:57793/devtools/browser/ca26e896-d89b-4e58-8670-aa0be424f909
1649259474771	Marionette	INFO	Listening on port 57799
1649259475241	RemoteAgent	WARN	TLS certificate errors will be ignored for this session
1649259475360	Marionette	INFO	Stopped listening on port 57799

###!!! [Parent][PGPUParent] Error: RunMessage(msgname=PGPU::Msg_ShutdownVR) Channel closing: too late to send/recv, messages will be lost

1649259515373	geckodriver	INFO	Listening on 127.0.0.1:57835
1649259518434	mozrunner::runner	INFO	Running command: "C:\\Program Files\\Mozilla Firefox\\firefox.exe" "--marionette" "--remote-debugging-port" "57836" "-no-remote" "-profile" "C:\\Users\\saied\\AppData\\Local\\Temp\\rust_mozprofilerYbZ2R"
1649259518782	Marionette	INFO	Marionette enabled
console.warn: SearchSettings: "get: No settings file exists, new profile?" (new NotFoundError("Could not open the file at C:\\Users\\saied\\AppData\\Local\\Temp\\rust_mozprofilerYbZ2R\\search.json.mozlz4", (void 0)))
DevTools listening on ws://localhost:57836/devtools/browser/9d0e47e7-7c76-4ba8-8ecc-048dfea59cfc
1649259520848	Marionette	INFO	Listening on port 57849
1649259521135	RemoteAgent	WARN	TLS certificate errors will be ignored for this session
console.warn: LoginRecipes: "getRecipes: falling back to a synchronous message for:" "http://127.0.0.1:5000"
1649259521349	Marionette	INFO	Stopped listening on port 57849
JavaScript error: resource://gre/modules/TerminatorTelemetry.jsm, line 71: AbortError: IOUtils: Shutting down and refusing additional I/O tasks
1649259522112	geckodriver	INFO	Listening on 127.0.0.1:57881
1649259525167	mozrunner::runner	INFO	Running command: "C:\\Program Files\\Mozilla Firefox\\firefox.exe" "--marionette" "--remote-debugging-port" "57883" "-no-remote" "-profile" "C:\\Users\\saied\\AppData\\Local\\Temp\\rust_mozprofileF7AvVF"
1649259525489	Marionette	INFO	Marionette enabled
console.warn: SearchSettings: "get: No settings file exists, new profile?" (new NotFoundError("Could not open the file at C:\\Users\\saied\\AppData\\Local\\Temp\\rust_mozprofileF7AvVF\\search.json.mozlz4", (void 0)))
DevTools listening on ws://localhost:57883/devtools/browser/505b0cbe-b094-4f3c-bafe-674f031afe3a
1649259527445	Marionette	INFO	Listening on port 57890
1649259527831	RemoteAgent	WARN	TLS certificate errors will be ignored for this session
1649259527949	Marionette	INFO	Stopped listening on port 57890
1649259551496	geckodriver	INFO	Listening on 127.0.0.1:57922
1649259554573	mozrunner::runner	INFO	Running command: "C:\\Program Files\\Mozilla Firefox\\firefox.exe" "--marionette" "--remote-debugging-port" "57923" "-no-remote" "-profile" "C:\\Users\\saied\\AppData\\Local\\Temp\\rust_mozprofile99WQ9R"
1649259554907	Marionette	INFO	Marionette enabled
console.warn: SearchSettings: "get: No settings file exists, new profile?" (new NotFoundError("Could not open the file at C:\\Users\\saied\\AppData\\Local\\Temp\\rust_mozprofile99WQ9R\\search.json.mozlz4", (void 0)))
DevTools listening on ws://localhost:57923/devtools/browser/0d8efa18-066e-4e07-b649-ae4d6fd771f8
1649259556805	Marionette	INFO	Listening on port 57929
1649259557242	RemoteAgent	WARN	TLS certificate errors will be ignored for this session
console.warn: LoginRecipes: "getRecipes: falling back to a synchronous message for:" "http://127.0.0.1:5000"
1649259557421	Marionette	INFO	Stopped listening on port 57929
JavaScript error: resource://gre/modules/TerminatorTelemetry.jsm, line 71: AbortError: IOUtils: Shutting down and refusing additional I/O tasks
1649259558090	geckodriver	INFO	Listening on 127.0.0.1:57961
1649259561133	mozrunner::runner	INFO	Running command: "C:\\Program Files\\Mozilla Firefox\\firefox.exe" "--marionette" "--remote-debugging-port" "57962" "-no-remote" "-profile" "C:\\Users\\saied\\AppData\\Local\\Temp\\rust_mozprofileDSODuW"
1649259561464	Marionette	INFO	Marionette enabled
console.warn: SearchSettings: "get: No settings file exists, new profile?" (new NotFoundError("Could not open the file at C:\\Users\\saied\\AppData\\Local\\Temp\\rust_mozprofileDSODuW\\search.json.mozlz4", (void 0)))
DevTools listening on ws://localhost:57962/devtools/browser/27e14057-a666-4a08-a766-155064d56e37
1649259563370	Marionette	INFO	Listening on port 57969
1649259563798	RemoteAgent	WARN	TLS certificate errors will be ignored for this session
console.warn: LoginRecipes: "getRecipes: falling back to a synchronous message for:" "http://127.0.0.1:5000"
JavaScript error: resource://gre/modules/XULStore.jsm, line 66: Error: Can't find profile directory.
JavaScript error: resource://gre/modules/XULStore.jsm, line 66: Error: Can't find profile directory.
console.warn: LoginRecipes: "getRecipes: falling back to a synchronous message for:" "http://127.0.0.1:5000"
1649259564145	Marionette	INFO	Stopped listening on port 57969
JavaScript error: resource://gre/modules/TerminatorTelemetry.jsm, line 71: AbortError: IOUtils: Shutting down and refusing additional I/O tasks
1649264908335	geckodriver	INFO	Listening on 127.0.0.1:54488
1649264911396	mozrunner::runner	INFO	Running command: "C:\\Program Files\\Mozilla Firefox\\firefox.exe" "--marionette" "--remote-debugging-port" "54490" "-no-remote" "-profile" "C:\\Users\\saied\\AppData\\Local\\Temp\\rust_mozprofileQt0E6T"
1649264911861	Marionette	INFO	Marionette enabled
console.warn: SearchSettings: "get: No settings file exists, new profile?" (new NotFoundError("Could not open the file at C:\\Users\\saied\\AppData\\Local\\Temp\\rust_mozprofileQt0E6T\\search.json.mozlz4", (void 0)))
DevTools listening on ws://localhost:54490/devtools/browser/52fe9116-fffd-4587-b0e8-115206bcb71e
1649264914027	Marionette	INFO	Listening on port 54502
1649264914063	RemoteAgent	WARN	TLS certificate errors will be ignored for this session
1649264914296	Marionette	INFO	Stopped listening on port 54502
1649264915072	geckodriver	INFO	Listening on 127.0.0.1:54534
1649264918147	mozrunner::runner	INFO	Running command: "C:\\Program Files\\Mozilla Firefox\\firefox.exe" "--marionette" "--remote-debugging-port" "54535" "-no-remote" "-profile" "C:\\Users\\saied\\AppData\\Local\\Temp\\rust_mozprofileO8F6FG"
1649264918571	Marionette	INFO	Marionette enabled
console.warn: SearchSettings: "get: No settings file exists, new profile?" (new NotFoundError("Could not open the file at C:\\Users\\saied\\AppData\\Local\\Temp\\rust_mozprofileO8F6FG\\search.json.mozlz4", (void 0)))
DevTools listening on ws://localhost:54535/devtools/browser/1cd356a1-d362-4537-957e-75a9ceb7a1c3
1649264920588	Marionette	INFO	Listening on port 54541
1649264920837	RemoteAgent	WARN	TLS certificate errors will be ignored for this session
console.warn: LoginRecipes: "getRecipes: falling back to a synchronous message for:" "http://127.0.0.1:5000"
JavaScript error: resource://gre/modules/XULStore.jsm, line 66: Error: Can't find profile directory.
JavaScript error: resource://gre/modules/XULStore.jsm, line 66: Error: Can't find profile directory.
console.warn: LoginRecipes: "getRecipes: falling back to a synchronous message for:" "http://127.0.0.1:5000"
1649264921213	Marionette	INFO	Stopped listening on port 54541

###!!! [Parent][PGPUParent] Error: RunMessage(msgname=PGPU::Msg_ShutdownVR) Channel closing: too late to send/recv, messages will be lost

JavaScript error: resource://gre/modules/TerminatorTelemetry.jsm, line 71: AbortError: IOUtils: Shutting down and refusing additional I/O tasks
1649265015071	geckodriver	INFO	Listening on 127.0.0.1:54596
1649265018144	mozrunner::runner	INFO	Running command: "C:\\Program Files\\Mozilla Firefox\\firefox.exe" "--marionette" "--remote-debugging-port" "54597" "-no-remote" "-profile" "C:\\Users\\saied\\AppData\\Local\\Temp\\rust_mozprofile7j5rRm"
1649265018462	Marionette	INFO	Marionette enabled
console.warn: SearchSettings: "get: No settings file exists, new profile?" (new NotFoundError("Could not open the file at C:\\Users\\saied\\AppData\\Local\\Temp\\rust_mozprofile7j5rRm\\search.json.mozlz4", (void 0)))
DevTools listening on ws://localhost:54597/devtools/browser/0e391cb4-96e3-441f-a33a-7853e9fc4e71
1649265020242	Marionette	INFO	Listening on port 54602
1649265020310	RemoteAgent	WARN	TLS certificate errors will be ignored for this session
console.warn: LoginRecipes: "getRecipes: falling back to a synchronous message for:" "http://127.0.0.1:5000"
1649265020495	Marionette	INFO	Stopped listening on port 54602
console.error: services.settings: 
  main/query-stripping Signature failed  TypeError: NetworkError: Network request failed

###!!! [Parent][PGPUParent] Error: RunMessage(msgname=PGPU::Msg_ShutdownVR) Channel closing: too late to send/recv, messages will be lost

1649265021141	geckodriver	INFO	Listening on 127.0.0.1:54627
1649265024224	mozrunner::runner	INFO	Running command: "C:\\Program Files\\Mozilla Firefox\\firefox.exe" "--marionette" "--remote-debugging-port" "54628" "-no-remote" "-profile" "C:\\Users\\saied\\AppData\\Local\\Temp\\rust_mozprofileeEODBC"
1649265024567	Marionette	INFO	Marionette enabled
console.warn: SearchSettings: "get: No settings file exists, new profile?" (new NotFoundError("Could not open the file at C:\\Users\\saied\\AppData\\Local\\Temp\\rust_mozprofileeEODBC\\search.json.mozlz4", (void 0)))
DevTools listening on ws://localhost:54628/devtools/browser/3a541e3d-bb83-4543-948d-ed090c50a92c
1649265026502	Marionette	INFO	Listening on port 54634
1649265026886	RemoteAgent	WARN	TLS certificate errors will be ignored for this session
console.warn: LoginRecipes: "getRecipes: falling back to a synchronous message for:" "http://127.0.0.1:5000"
JavaScript error: resource://gre/modules/XULStore.jsm, line 66: Error: Can't find profile directory.
JavaScript error: resource://gre/modules/XULStore.jsm, line 66: Error: Can't find profile directory.
console.warn: LoginRecipes: "getRecipes: falling back to a synchronous message for:" "http://127.0.0.1:5000"
1649265027228	Marionette	INFO	Stopped listening on port 54634
JavaScript error: resource://gre/modules/TerminatorTelemetry.jsm, line 71: AbortError: IOUtils: Shutting down and refusing additional I/O tasks
1649265483753	geckodriver	INFO	Listening on 127.0.0.1:54773
1649265486809	mozrunner::runner	INFO	Running command: "C:\\Program Files\\Mozilla Firefox\\firefox.exe" "--marionette" "--remote-debugging-port" "54774" "-no-remote" "-profile" "C:\\Users\\saied\\AppData\\Local\\Temp\\rust_mozprofilem850WJ"
1649265487129	Marionette	INFO	Marionette enabled
console.warn: SearchSettings: "get: No settings file exists, new profile?" (new NotFoundError("Could not open the file at C:\\Users\\saied\\AppData\\Local\\Temp\\rust_mozprofilem850WJ\\search.json.mozlz4", (void 0)))
DevTools listening on ws://localhost:54774/devtools/browser/6c3136f1-a41c-4907-931f-3d894b28fcd8
1649265489024	Marionette	INFO	Listening on port 54779
1649265489480	RemoteAgent	WARN	TLS certificate errors will be ignored for this session
console.warn: LoginRecipes: "getRecipes: falling back to a synchronous message for:" "http://127.0.0.1:5000"
1649265489664	Marionette	INFO	Stopped listening on port 54779
console.error: Region.jsm: "Error fetching region" (new TypeError("NetworkError when attempting to fetch resource.", ""))
console.error: Region.jsm: "Failed to fetch region" (new Error("NO_RESULT", "resource://gre/modules/Region.jsm", 419))
console.error: services.settings: 
  main/query-stripping Signature failed  TypeError: NetworkError: Network request failed

###!!! [Parent][PGPUParent] Error: RunMessage(msgname=PGPU::Msg_ShutdownVR) Channel closing: too late to send/recv, messages will be lost

JavaScript error: resource://gre/modules/TerminatorTelemetry.jsm, line 71: AbortError: IOUtils: Shutting down and refusing additional I/O tasks
1649265490439	geckodriver	INFO	Listening on 127.0.0.1:54802
1649265493486	mozrunner::runner	INFO	Running command: "C:\\Program Files\\Mozilla Firefox\\firefox.exe" "--marionette" "--remote-debugging-port" "54803" "-no-remote" "-profile" "C:\\Users\\saied\\AppData\\Local\\Temp\\rust_mozprofileDzRPIK"
1649265493793	Marionette	INFO	Marionette enabled
console.warn: SearchSettings: "get: No settings file exists, new profile?" (new NotFoundError("Could not open the file at C:\\Users\\saied\\AppData\\Local\\Temp\\rust_mozprofileDzRPIK\\search.json.mozlz4", (void 0)))
DevTools listening on ws://localhost:54803/devtools/browser/561daceb-4765-4497-8cf6-aa99a8cf2d40
1649265495632	Marionette	INFO	Listening on port 54812
1649265495664	RemoteAgent	WARN	TLS certificate errors will be ignored for this session
console.warn: LoginRecipes: "getRecipes: falling back to a synchronous message for:" "http://127.0.0.1:5000"
JavaScript error: resource://gre/modules/XULStore.jsm, line 66: Error: Can't find profile directory.
JavaScript error: resource://gre/modules/XULStore.jsm, line 66: Error: Can't find profile directory.
console.warn: LoginRecipes: "getRecipes: falling back to a synchronous message for:" "http://127.0.0.1:5000"
1649265496008	Marionette	INFO	Stopped listening on port 54812
console.error: services.settings: 
  main/query-stripping Signature failed  TypeError: NetworkError: Network request failed

###!!! [Parent][PGPUParent] Error: RunMessage(msgname=PGPU::Msg_ShutdownVR) Channel closing: too late to send/recv, messages will be lost

1649265549105	geckodriver	INFO	Listening on 127.0.0.1:54855
1649265552210	mozrunner::runner	INFO	Running command: "C:\\Program Files\\Mozilla Firefox\\firefox.exe" "--marionette" "--remote-debugging-port" "54856" "-no-remote" "-profile" "C:\\Users\\saied\\AppData\\Local\\Temp\\rust_mozprofileT74G0u"
1649265552522	Marionette	INFO	Marionette enabled
console.warn: SearchSettings: "get: No settings file exists, new profile?" (new NotFoundError("Could not open the file at C:\\Users\\saied\\AppData\\Local\\Temp\\rust_mozprofileT74G0u\\search.json.mozlz4", (void 0)))
DevTools listening on ws://localhost:54856/devtools/browser/3a546d5d-1c34-4e26-94e1-4291b0eb9f0a
1649265554410	Marionette	INFO	Listening on port 54863
1649265554905	RemoteAgent	WARN	TLS certificate errors will be ignored for this session
console.warn: LoginRecipes: "getRecipes: falling back to a synchronous message for:" "http://127.0.0.1:5000"
1649265555086	Marionette	INFO	Stopped listening on port 54863
JavaScript error: resource://gre/modules/TerminatorTelemetry.jsm, line 71: AbortError: IOUtils: Shutting down and refusing additional I/O tasks
1649265555776	geckodriver	INFO	Listening on 127.0.0.1:54894
1649265558835	mozrunner::runner	INFO	Running command: "C:\\Program Files\\Mozilla Firefox\\firefox.exe" "--marionette" "--remote-debugging-port" "54895" "-no-remote" "-profile" "C:\\Users\\saied\\AppData\\Local\\Temp\\rust_mozprofileqXlzao"
1649265559182	Marionette	INFO	Marionette enabled
console.warn: SearchSettings: "get: No settings file exists, new profile?" (new NotFoundError("Could not open the file at C:\\Users\\saied\\AppData\\Local\\Temp\\rust_mozprofileqXlzao\\search.json.mozlz4", (void 0)))
DevTools listening on ws://localhost:54895/devtools/browser/b5202e42-4628-4d6f-b67e-099950f02430
1649265561049	Marionette	INFO	Listening on port 54901
1649265561516	RemoteAgent	WARN	TLS certificate errors will be ignored for this session
